# JRE version: Java(TM) SE Runtime Environment (8.0_144-b01) (build 1.8.0_144-b01)
# Java VM: Java HotSpot(TM) 64-Bit Server VM (25.144-b01 mixed mode linux-amd64 compressed oops)
Heap:
 PSYoungGen      total 444928K, used 39708K [0x00000000e0f00000, 0x0000000100000000, 0x0000000100000000)
  eden space 380928K, 0% used [0x00000000e0f00000,0x00000000e0f00000,0x00000000f8300000)
  from space 64000K, 62% used [0x00000000f8300000,0x00000000fa9c70f8,0x00000000fc180000)
  to   space 64000K, 0% used [0x00000000fc180000,0x00000000fc180000,0x0000000100000000)
 ParOldGen       total 164864K, used 164700K [0x00000000a2c00000, 0x00000000acd00000, 0x00000000e0f00000)
  object space 164864K, 99% used [0x00000000a2c00000,0x00000000accd7318,0x00000000acd00000)
 Metaspace       used 38273K, capacity 39004K, committed 39168K, reserved 1083392K
  class space    used 4271K, capacity 4538K, committed 4608K, reserved 1048576K
GC Heap History (10 events):
Event: 65.326 GC heap after
Heap after GC invocations=33 (full 1):
 PSYoungGen      total 459264K, used 33386K [0x00000000e0f00000, 0x0000000100000000, 0x0000000100000000)
  eden space 415744K, 0% used [0x00000000e0f00000,0x00000000e0f00000,0x00000000fa500000)
  from space 43520K, 76% used [0x00000000fd580000,0x00000000ff61ab00,0x0000000100000000)
  to   space 46592K, 0% used [0x00000000fa500000,0x00000000fa500000,0x00000000fd280000)
 ParOldGen       total 114688K, used 80889K [0x00000000a2c00000, 0x00000000a9c00000, 0x00000000e0f00000)
  object space 114688K, 70% used [0x00000000a2c00000,0x00000000a7afe4c8,0x00000000a9c00000)
 Metaspace       used 27036K, capacity 27450K, committed 27648K, reserved 1073152K
  class space    used 3071K, capacity 3233K, committed 3328K, reserved 1048576K
}
Event: 67.904 GC heap before
{Heap before GC invocations=34 (full 1):
 PSYoungGen      total 459264K, used 318211K [0x00000000e0f00000, 0x0000000100000000, 0x0000000100000000)
  eden space 415744K, 68% used [0x00000000e0f00000,0x00000000f25261f8,0x00000000fa500000)
  from space 43520K, 76% used [0x00000000fd580000,0x00000000ff61ab00,0x0000000100000000)
  to   space 46592K, 0% used [0x00000000fa500000,0x00000000fa500000,0x00000000fd280000)
 ParOldGen       total 114688K, used 80889K [0x00000000a2c00000, 0x00000000a9c00000, 0x00000000e0f00000)
  object space 114688K, 70% used [0x00000000a2c00000,0x00000000a7afe4c8,0x00000000a9c00000)
 Metaspace       used 29433K, capacity 29822K, committed 30080K, reserved 1075200K
  class space    used 3322K, capacity 3463K, committed 3584K, reserved 1048576K
Event: 68.029 GC heap after
Heap after GC invocations=34 (full 1):
 PSYoungGen      total 457216K, used 41009K [0x00000000e0f00000, 0x0000000100000000, 0x0000000100000000)
  eden space 415744K, 0% used [0x00000000e0f00000,0x00000000e0f00000,0x00000000fa500000)
  from space 41472K, 98% used [0x00000000fa500000,0x00000000fcd0c708,0x00000000fcd80000)
  to   space 51200K, 0% used [0x00000000fce00000,0x00000000fce00000,0x0000000100000000)
 ParOldGen       total 114688K, used 81241K [0x00000000a2c00000, 0x00000000a9c00000, 0x00000000e0f00000)
  object space 114688K, 70% used [0x00000000a2c00000,0x00000000a7b564d8,0x00000000a9c00000)
 Metaspace       used 29433K, capacity 29822K, committed 30080K, reserved 1075200K
  class space    used 3322K, capacity 3463K, committed 3584K, reserved 1048576K
}
Event: 68.029 GC heap before
{Heap before GC invocations=35 (full 2):
 PSYoungGen      total 457216K, used 41009K [0x00000000e0f00000, 0x0000000100000000, 0x0000000100000000)
  eden space 415744K, 0% used [0x00000000e0f00000,0x00000000e0f00000,0x00000000fa500000)
  from space 41472K, 98% used [0x00000000fa500000,0x00000000fcd0c708,0x00000000fcd80000)
  to   space 51200K, 0% used [0x00000000fce00000,0x00000000fce00000,0x0000000100000000)
 ParOldGen       total 114688K, used 81241K [0x00000000a2c00000, 0x00000000a9c00000, 0x00000000e0f00000)
  object space 114688K, 70% used [0x00000000a2c00000,0x00000000a7b564d8,0x00000000a9c00000)
 Metaspace       used 29433K, capacity 29822K, committed 30080K, reserved 1075200K
  class space    used 3322K, capacity 3463K, committed 3584K, reserved 1048576K
Event: 68.831 GC heap after
Heap after GC invocations=35 (full 2):
 PSYoungGen      total 457216K, used 0K [0x00000000e0f00000, 0x0000000100000000, 0x0000000100000000)
  eden space 415744K, 0% used [0x00000000e0f00000,0x00000000e0f00000,0x00000000fa500000)
  from space 41472K, 0% used [0x00000000fa500000,0x00000000fa500000,0x00000000fcd80000)
  to   space 51200K, 0% used [0x00000000fce00000,0x00000000fce00000,0x0000000100000000)
 ParOldGen       total 164864K, used 104841K [0x00000000a2c00000, 0x00000000acd00000, 0x00000000e0f00000)
  object space 164864K, 63% used [0x00000000a2c00000,0x00000000a92625d8,0x00000000acd00000)
 Metaspace       used 29433K, capacity 29822K, committed 30080K, reserved 1075200K
  class space    used 3322K, capacity 3463K, committed 3584K, reserved 1048576K
}
Event: 77.257 GC heap before
{Heap before GC invocations=36 (full 2):
 PSYoungGen      total 457216K, used 415744K [0x00000000e0f00000, 0x0000000100000000, 0x0000000100000000)
  eden space 415744K, 100% used [0x00000000e0f00000,0x00000000fa500000,0x00000000fa500000)
  from space 41472K, 0% used [0x00000000fa500000,0x00000000fa500000,0x00000000fcd80000)
  to   space 51200K, 0% used [0x00000000fce00000,0x00000000fce00000,0x0000000100000000)
 ParOldGen       total 164864K, used 104841K [0x00000000a2c00000, 0x00000000acd00000, 0x00000000e0f00000)
  object space 164864K, 63% used [0x00000000a2c00000,0x00000000a92625d8,0x00000000acd00000)
 Metaspace       used 32661K, capacity 33392K, committed 33664K, reserved 1079296K
  class space    used 3660K, capacity 3944K, committed 3968K, reserved 1048576K
Event: 77.479 GC heap after
Heap after GC invocations=36 (full 2):
 PSYoungGen      total 432128K, used 51173K [0x00000000e0f00000, 0x0000000100000000, 0x0000000100000000)
  eden space 380928K, 0% used [0x00000000e0f00000,0x00000000e0f00000,0x00000000f8300000)
  from space 51200K, 99% used [0x00000000fce00000,0x00000000ffff9640,0x0000000100000000)
  to   space 64000K, 0% used [0x00000000f8300000,0x00000000f8300000,0x00000000fc180000)
 ParOldGen       total 164864K, used 118892K [0x00000000a2c00000, 0x00000000acd00000, 0x00000000e0f00000)
  object space 164864K, 72% used [0x00000000a2c00000,0x00000000aa01b160,0x00000000acd00000)
 Metaspace       used 32661K, capacity 33392K, committed 33664K, reserved 1079296K
  class space    used 3660K, capacity 3944K, committed 3968K, reserved 1048576K
}
Event: 115.710 GC heap before
{Heap before GC invocations=37 (full 2):
 PSYoungGen      total 432128K, used 432101K [0x00000000e0f00000, 0x0000000100000000, 0x0000000100000000)
  eden space 380928K, 100% used [0x00000000e0f00000,0x00000000f8300000,0x00000000f8300000)
  from space 51200K, 99% used [0x00000000fce00000,0x00000000ffff9640,0x0000000100000000)
  to   space 64000K, 0% used [0x00000000f8300000,0x00000000f8300000,0x00000000fc180000)
 ParOldGen       total 164864K, used 118892K [0x00000000a2c00000, 0x00000000acd00000, 0x00000000e0f00000)
  object space 164864K, 72% used [0x00000000a2c00000,0x00000000aa01b160,0x00000000acd00000)
 Metaspace       used 38273K, capacity 39004K, committed 39168K, reserved 1083392K
  class space    used 4271K, capacity 4538K, committed 4608K, reserved 1048576K
Event: 119.551 GC heap after
Heap after GC invocations=37 (full 2):
 PSYoungGen      total 444928K, used 63972K [0x00000000e0f00000, 0x0000000100000000, 0x0000000100000000)
  eden space 380928K, 0% used [0x00000000e0f00000,0x00000000e0f00000,0x00000000f8300000)
  from space 64000K, 99% used [0x00000000f8300000,0x00000000fc179130,0x00000000fc180000)
  to   space 64000K, 0% used [0x00000000fc180000,0x00000000fc180000,0x0000000100000000)
 ParOldGen       total 164864K, used 148710K [0x00000000a2c00000, 0x00000000acd00000, 0x00000000e0f00000)
  object space 164864K, 90% used [0x00000000a2c00000,0x00000000abd398f0,0x00000000acd00000)
 Metaspace       used 38273K, capacity 39004K, committed 39168K, reserved 1083392K
  class space    used 4271K, capacity 4538K, committed 4608K, reserved 1048576K
}
Event: 119.658 GC heap before
{Heap before GC invocations=38 (full 3):
 PSYoungGen      total 444928K, used 63972K [0x00000000e0f00000, 0x0000000100000000, 0x0000000100000000)
  eden space 380928K, 0% used [0x00000000e0f00000,0x00000000e0f00000,0x00000000f8300000)
  from space 64000K, 99% used [0x00000000f8300000,0x00000000fc179130,0x00000000fc180000)
  to   space 64000K, 0% used [0x00000000fc180000,0x00000000fc180000,0x0000000100000000)
 ParOldGen       total 164864K, used 148710K [0x00000000a2c00000, 0x00000000acd00000, 0x00000000e0f00000)
  object space 164864K, 90% used [0x00000000a2c00000,0x00000000abd398f0,0x00000000acd00000)
 Metaspace       used 38273K, capacity 39004K, committed 39168K, reserved 1083392K
  class space    used 4271K, capacity 4538K, committed 4608K, reserved 1048576K

